{
  "stats": {
    "suites": 1,
    "tests": 1,
    "passes": 1,
    "pending": 0,
    "failures": 0,
    "start": "2025-06-03T20:18:58.393Z",
    "end": "2025-06-03T20:20:08.277Z",
    "duration": 69884,
    "testsRegistered": 1,
    "passPercent": 100,
    "pendingPercent": 0,
    "other": 0,
    "hasOther": false,
    "skipped": 0,
    "hasSkipped": false
  },
  "results": [
    {
      "uuid": "f836dbf4-0844-4fb1-81f4-e25843a1c5dd",
      "title": "",
      "fullFile": "cypress\\e2e\\agoda.cy.js",
      "file": "cypress\\e2e\\agoda.cy.js",
      "beforeHooks": [],
      "afterHooks": [],
      "tests": [],
      "suites": [
        {
          "uuid": "a35aade6-dd75-4805-9bd9-ab155dc39fe0",
          "title": "Agoda Web Test",
          "fullFile": "",
          "file": "",
          "beforeHooks": [],
          "afterHooks": [],
          "tests": [
            {
              "title": "Verifying flight details in Agoda",
              "fullTitle": "Agoda Web Test Verifying flight details in Agoda",
              "timedOut": null,
              "duration": 67657,
              "state": "passed",
              "speed": "slow",
              "pass": true,
              "fail": false,
              "pending": false,
              "context": "{\n  \"title\": \"cypress-mochawesome-reporter-videos-passed\",\n  \"value\": \"cypress\\\\e2e\\\\agoda.cy.js\"\n}",
              "code": "const passenger = {\n  firstName: Cypress.env(\"firstName\"),\n  lastName: Cypress.env(\"lastName\"),\n  email: Cypress.env(\"email\"),\n  phone: Cypress.env(\"phone\"),\n  passport: Cypress.env(\"passport\")\n};\nlet expectDepTime, expectArrTime, expectPrice, resultContactName, resultContactEmail, resultContactPhone, resultPassportName, resultDate, resultTotalPrice;\ncy.viewport(1920, 1080);\n_agodaPage.default.visiting();\ncy.wait(1000);\n_agodaPage.default.clickFlight();\ncy.wait(1000);\n_agodaPage.default.fillDeparture(Cypress.env(\"departure\"));\n_agodaPage.default.fillDestination(Cypress.env(\"arrival\"));\n_agodaPage.default.fillDate();\n_agodaPage.default.clickSearch();\ncy.wait(1000);\n_agodaPage.default.chooseFlight();\ncy.get('[data-component=\"flight-card\"]').as(\"selected\");\n_agodaPage.default.getDepTime(\"@selected\").invoke(\"text\").then(text => {\n  expectDepTime = text;\n  cy.log(\"Captured departure time:\", expectDepTime);\n});\n_agodaPage.default.getArrTime(\"@selected\").invoke(\"text\").then(text => {\n  expectArrTime = text;\n  cy.log(\"Captured arrival time:\", expectArrTime);\n});\n_agodaPage.default.selectFlight();\ncy.wait(1000);\ncy.get('[data-component=\"mob-flight-price-breakdown-wrapper\"]').as(\"selected\");\n_agodaPage.default.getTotalPrice(\"@selected\").invoke(\"text\").then(text => {\n  expectPrice = text;\n  cy.log(\"Captured total price:\", expectPrice);\n});\n_agodaPage.default.fillContactDetails(passenger);\n_agodaPage.default.clickAddons();\ncy.wait(1000);\n_agodaPage.default.clickProtection();\n_agodaPage.default.clickContinuePay();\ncy.wait(2000);\n_agodaPage.default.clickNoUpgrade();\ncy.wait(2000);\ncy.get('[data-component=\"mob-flight-contact-wrapper\"]').as(\"selected\");\n_agodaPage.default.verifyContactName(\"@selected\").invoke(\"text\").then(text => {\n  resultContactName = text;\n  cy.log(\"Captured name:\", resultContactName);\n  expect(passenger.firstName + \" \" + passenger.lastName).to.eq(resultContactName);\n});\n_agodaPage.default.verifyContactEmail(\"@selected\").invoke(\"text\").then(text => {\n  resultContactEmail = text;\n  cy.log(\"Captured email:\", resultContactEmail);\n  expect(passenger.email).to.eq(resultContactEmail);\n});\n_agodaPage.default.verifyContactPhone(\"@selected\").invoke(\"text\").then(text => {\n  resultContactPhone = text;\n  cy.log(\"Captured phone:\", resultContactPhone);\n  expect(\"+62 \" + passenger.phone).to.eq(resultContactPhone);\n});\n_agodaPage.default.verifyPassportName(\"@selected\").invoke(\"text\").then(text => {\n  resultPassportName = text;\n  cy.log(\"Captured name:\", resultPassportName);\n  expect(passenger.firstName + \" \" + passenger.lastName).to.eq(resultPassportName);\n});\n_agodaPage.default.verifyDate(\"@selected\").invoke(\"text\").then(text => {\n  resultDate = text;\n  cy.log(\"Captured date:\", resultDate);\n  expect(resultDate).to.contain(expectDepTime + \" - \" + expectArrTime);\n});\ncy.get('[data-component=\"mob-price-breakdown-wrapper\"]').as(\"selected\");\n_agodaPage.default.verifyTotalPrice(\"@selected\").invoke(\"text\").then(text => {\n  resultTotalPrice = text;\n  cy.log(\"Captured total price:\", resultTotalPrice);\n  expect(expectPrice).to.eq(resultTotalPrice);\n});",
              "err": {},
              "uuid": "013b16c8-e8f2-434e-be5f-5d18b647da3f",
              "parentUUID": "a35aade6-dd75-4805-9bd9-ab155dc39fe0",
              "isHook": false,
              "skipped": false
            }
          ],
          "suites": [],
          "passes": [
            "013b16c8-e8f2-434e-be5f-5d18b647da3f"
          ],
          "failures": [],
          "pending": [],
          "skipped": [],
          "duration": 67657,
          "root": false,
          "rootEmpty": false,
          "_timeout": 2000
        }
      ],
      "passes": [],
      "failures": [],
      "pending": [],
      "skipped": [],
      "duration": 0,
      "root": true,
      "rootEmpty": true,
      "_timeout": 2000
    }
  ],
  "meta": {
    "mocha": {
      "version": "7.2.0"
    },
    "mochawesome": {
      "options": {
        "quiet": false,
        "reportFilename": "mochawesome",
        "saveHtml": true,
        "saveJson": true,
        "consoleReporter": "spec",
        "useInlineDiffs": false,
        "code": true
      },
      "version": "7.1.3"
    },
    "marge": {
      "options": {
        "reportDir": "cypress/reports",
        "overwrite": false,
        "html": true,
        "json": true,
        "embeddedScreenshots": true,
        "inlineAssets": true,
        "saveAllAttempts": true
      },
      "version": "6.2.0"
    }
  }
}