{
  "stats": {
    "suites": 1,
    "tests": 1,
    "passes": 1,
    "pending": 0,
    "failures": 0,
    "start": "2025-06-05T17:01:49.028Z",
    "end": "2025-06-05T17:02:04.338Z",
    "duration": 15310,
    "testsRegistered": 1,
    "passPercent": 100,
    "pendingPercent": 0,
    "other": 0,
    "hasOther": false,
    "skipped": 0,
    "hasSkipped": false
  },
  "results": [
    {
      "uuid": "7fd18fe7-4497-47d9-9c4a-5714f83ce0c0",
      "title": "",
      "fullFile": "cypress\\e2e\\youtube.cy.js",
      "file": "cypress\\e2e\\youtube.cy.js",
      "beforeHooks": [],
      "afterHooks": [],
      "tests": [],
      "suites": [
        {
          "uuid": "85551c36-3454-4bf6-9c0f-71233e08e176",
          "title": "Youtube Web Test",
          "fullFile": "",
          "file": "",
          "beforeHooks": [],
          "afterHooks": [],
          "tests": [
            {
              "title": "Verifying trending video number 3 on Youtube",
              "fullTitle": "Youtube Web Test Verifying trending video number 3 on Youtube",
              "timedOut": null,
              "duration": 12472,
              "state": "passed",
              "speed": "slow",
              "pass": true,
              "fail": false,
              "pending": false,
              "context": "{\n  \"title\": \"cypress-mochawesome-reporter-videos-passed\",\n  \"value\": \"cypress\\\\e2e\\\\youtube.cy.js\"\n}",
              "code": "let expectedTitle, expectedChannel, resultTitle, resultChannel;\n_youtubePage.default.visiting();\ncy.wait(1000);\n_youtubePage.default.clickTrending();\ncy.wait(1000);\n_youtubePage.default.clickMovies();\ncy.wait(2000);\n_youtubePage.default.getVideo(2).as(\"selected\");\n_youtubePage.default.getTitle(\"@selected\").invoke(\"text\").then(text => {\n  expectedTitle = text.replace('kr', '').replace('\\u00A0', '').trim();\n  cy.log(\"Captured title:\", expectedTitle);\n});\n_youtubePage.default.getChannel(\"@selected\").invoke(\"text\").then(text => {\n  expectedChannel = text;\n  cy.log(\"Captured channel:\", expectedChannel);\n});\n_youtubePage.default.clickVideo(2);\ncy.wait(2000);\ncy.get('ytd-watch-metadata').as(\"selected\");\n_youtubePage.default.verifyTitle(\"@selected\").invoke(\"text\").then(text => {\n  resultTitle = text.replace('kr', '').replace('\\u00A0', '').trim();\n  cy.log(\"Captured title:\", resultTitle);\n  expect(expectedTitle).to.eq(resultTitle);\n});\n_youtubePage.default.verifyChannel(\"@selected\").invoke(\"text\").then(text => {\n  resultChannel = text;\n  cy.log(\"Captured channel:\", resultChannel);\n  expect(expectedChannel).to.eq(resultChannel);\n});",
              "err": {},
              "uuid": "b30bbae3-3201-4943-98a8-286001e74040",
              "parentUUID": "85551c36-3454-4bf6-9c0f-71233e08e176",
              "isHook": false,
              "skipped": false
            }
          ],
          "suites": [],
          "passes": [
            "b30bbae3-3201-4943-98a8-286001e74040"
          ],
          "failures": [],
          "pending": [],
          "skipped": [],
          "duration": 12472,
          "root": false,
          "rootEmpty": false,
          "_timeout": 2000
        }
      ],
      "passes": [],
      "failures": [],
      "pending": [],
      "skipped": [],
      "duration": 0,
      "root": true,
      "rootEmpty": true,
      "_timeout": 2000
    }
  ],
  "meta": {
    "mocha": {
      "version": "7.2.0"
    },
    "mochawesome": {
      "options": {
        "quiet": false,
        "reportFilename": "mochawesome",
        "saveHtml": true,
        "saveJson": true,
        "consoleReporter": "spec",
        "useInlineDiffs": false,
        "code": true
      },
      "version": "7.1.3"
    },
    "marge": {
      "options": {
        "reportDir": "cypress/reports",
        "overwrite": false,
        "html": true,
        "json": true,
        "embeddedScreenshots": true,
        "inlineAssets": true,
        "saveAllAttempts": true
      },
      "version": "6.2.0"
    }
  }
}