{
  "stats": {
    "suites": 1,
    "tests": 1,
    "passes": 1,
    "pending": 0,
    "failures": 0,
    "start": "2025-06-04T07:03:23.720Z",
    "end": "2025-06-04T07:03:47.163Z",
    "duration": 23443,
    "testsRegistered": 1,
    "passPercent": 100,
    "pendingPercent": 0,
    "other": 0,
    "hasOther": false,
    "skipped": 0,
    "hasSkipped": false
  },
  "results": [
    {
      "uuid": "a7cf80c0-6007-4a43-9ebd-ae569580e9e6",
      "title": "",
      "fullFile": "cypress\\e2e\\amazon.cy.js",
      "file": "cypress\\e2e\\amazon.cy.js",
      "beforeHooks": [],
      "afterHooks": [],
      "tests": [],
      "suites": [
        {
          "uuid": "7e638c5a-52d5-4bdd-b29d-a874bd243f3b",
          "title": "Amazon Web Test",
          "fullFile": "",
          "file": "",
          "beforeHooks": [],
          "afterHooks": [],
          "tests": [
            {
              "title": "Verifying the most right item on Amazon",
              "fullTitle": "Amazon Web Test Verifying the most right item on Amazon",
              "timedOut": null,
              "duration": 19594,
              "state": "passed",
              "speed": "slow",
              "pass": true,
              "fail": false,
              "pending": false,
              "context": "{\n  \"title\": \"cypress-mochawesome-reporter-videos-passed\",\n  \"value\": \"cypress\\\\e2e\\\\amazon.cy.js\"\n}",
              "code": "let expectedName, expectedPrice, resultName, resultPrice;\ncy.viewport(1920, 1080);\n_amazonPage.default.visiting();\ncy.wait(1000);\n_amazonPage.default.searching();\ncy.wait(1000);\n_amazonPage.default.sortingHighLow();\ncy.wait(1000);\n_amazonPage.default.getSearch().as('selected');\n_amazonPage.default.getName(\"@selected\").invoke(\"text\").then(text => {\n  expectedName = text;\n  cy.log(\"Captured name:\", expectedName);\n});\n_amazonPage.default.getPrice(\"@selected\").invoke(\"text\").then(text => {\n  expectedPrice = text;\n  cy.log(\"Captured price:\", expectedPrice);\n});\n_amazonPage.default.clickItem();\n_amazonPage.default.verifyName().invoke(\"text\").then(text => {\n  resultName = text.replace('kr', '').replace('\\u00A0', '').trim();\n  cy.log(\"Captured name:\", resultName);\n  expect(expectedName).to.eq(resultName);\n});\n_amazonPage.default.verifyPrice().invoke(\"text\").then(text => {\n  resultPrice = text;\n  cy.log(\"Captured price:\", resultPrice);\n  expect(expectedPrice).to.eq(resultPrice);\n});",
              "err": {},
              "uuid": "09b1c048-adf6-4d79-86cb-9affce56165e",
              "parentUUID": "7e638c5a-52d5-4bdd-b29d-a874bd243f3b",
              "isHook": false,
              "skipped": false
            }
          ],
          "suites": [],
          "passes": [
            "09b1c048-adf6-4d79-86cb-9affce56165e"
          ],
          "failures": [],
          "pending": [],
          "skipped": [],
          "duration": 19594,
          "root": false,
          "rootEmpty": false,
          "_timeout": 2000
        }
      ],
      "passes": [],
      "failures": [],
      "pending": [],
      "skipped": [],
      "duration": 0,
      "root": true,
      "rootEmpty": true,
      "_timeout": 2000
    }
  ],
  "meta": {
    "mocha": {
      "version": "7.2.0"
    },
    "mochawesome": {
      "options": {
        "quiet": false,
        "reportFilename": "mochawesome",
        "saveHtml": true,
        "saveJson": true,
        "consoleReporter": "spec",
        "useInlineDiffs": false,
        "code": true
      },
      "version": "7.1.3"
    },
    "marge": {
      "options": {
        "reportDir": "cypress/reports",
        "overwrite": false,
        "html": true,
        "json": true,
        "embeddedScreenshots": true,
        "inlineAssets": true,
        "saveAllAttempts": true
      },
      "version": "6.2.0"
    }
  }
}